<?xml version="1.0" encoding="UTF-8"?>
<testsuite name="ScrabbleScorerTest" tests="4" skipped="0" failures="0" errors="0" timestamp="2017-06-28T17:44:41" hostname="epicodus-59.local" time="0.002">
  <properties/>
  <testcase name="calculateScore_returnsScoreForAnyWord_33" classname="ScrabbleScorerTest" time="0.001"/>
  <testcase name="calculateScore_returnsScoreForSingleLetter_1" classname="ScrabbleScorerTest" time="0.0"/>
  <testcase name="calculateScore_returnsScoreForSingleLetter_2" classname="ScrabbleScorerTest" time="0.0"/>
  <testcase name="calculateScore_returnsScoreForTwoLetters_2" classname="ScrabbleScorerTest" time="0.0"/>
  <system-out><![CDATA[]]></system-out>
  <system-err><![CDATA[]]></system-err>
</testsuite>
